<?xml version="1.0" encoding="UTF-8"?>
<!-- Generated by org.testng.reporters.JUnitXMLReporter -->
<testsuite ignored="2" hostname="DESKTOP-SQ1HPPK" failures="0" tests="1" name="Smoke" time="13.511" errors="0" timestamp="2022-12-17T22:57:26 IST">
  <testcase classname="com.testng.demo.TestNGDemo" name="verifySignupLaunch" time="2.295"/>
  <testcase classname="com.testng.demo.TestNGDemo" name="verifyLoginLaunch" time="0.0">
    <ignored/>
  </testcase> <!-- verifyLoginLaunch -->
  <testcase classname="com.testng.demo.TestNGDemo" name="verifyHomePage" time="0.0">
    <ignored/>
  </testcase> <!-- verifyHomePage -->
</testsuite> <!-- Smoke -->
