<?xml version="1.0" encoding="UTF-8"?>
<testng-results ignored="0" total="2" passed="2" failed="0" skipped="0">
  <reporter-output>
  </reporter-output>
  <suite started-at="2023-01-08T22:06:24 IST" name="Default suite" finished-at="2023-01-08T22:06:42 IST" duration-ms="18508">
    <groups>
    </groups>
    <test started-at="2023-01-08T22:06:24 IST" name="Default test" finished-at="2023-01-08T22:06:42 IST" duration-ms="18508">
      <class name="com.testng.demo.TestNGDemoRepeatTestCase">
        <test-method signature="testCase1(java.lang.String,java.lang.String)[pri:0, instance:com.testng.demo.TestNGDemoRepeatTestCase@36916eb0]" started-at="2023-01-08T22:06:24 IST" name="testCase1" data-provider="myUserDetails" finished-at="2023-01-08T22:06:34 IST" duration-ms="10062" status="PASS">
          <params>
            <param index="0">
              <value>
                <![CDATA[user1@gmail.com]]>
              </value>
            </param>
            <param index="1">
              <value>
                <![CDATA[pwd#1122]]>
              </value>
            </param>
          </params>
          <reporter-output>
          </reporter-output>
        </test-method> <!-- testCase1 -->
        <test-method signature="testCase1(java.lang.String,java.lang.String)[pri:0, instance:com.testng.demo.TestNGDemoRepeatTestCase@36916eb0]" started-at="2023-01-08T22:06:34 IST" name="testCase1" data-provider="myUserDetails" finished-at="2023-01-08T22:06:42 IST" duration-ms="8405" status="PASS">
          <params>
            <param index="0">
              <value>
                <![CDATA[user2@gmail.com]]>
              </value>
            </param>
            <param index="1">
              <value>
                <![CDATA[Iliketesting1133]]>
              </value>
            </param>
          </params>
          <reporter-output>
          </reporter-output>
        </test-method> <!-- testCase1 -->
      </class> <!-- com.testng.demo.TestNGDemoRepeatTestCase -->
    </test> <!-- Default test -->
  </suite> <!-- Default suite -->
</testng-results>
